<?xml version="1.0" encoding="UTF-8"?>
<!-- Generated by org.testng.reporters.JUnitReportReporter -->
<testsuite hostname="Daniels-MacBook-Pro.local" failures="0" tests="3" name="tests.Assignment2" time="2.215" errors="0" timestamp="2021-01-06T15:24:42 GMT" skipped="0">
  <testcase classname="tests.Assignment2" name="verifyMyntraProductAddToCart" time="1.321"/>
  <system-out/>
  <testcase classname="tests.Assignment2" name="verifyMyntraProductAddToCart" time="0.353"/>
  <system-out/>
  <testcase classname="tests.Assignment2" name="verifyMyntraProductAddToCart" time="0.541"/>
  <system-out/>
</testsuite> <!-- tests.Assignment2 -->
