<?xml version="1.0" encoding="UTF-8"?>
<!-- Generated by org.testng.reporters.JUnitReportReporter -->
<testsuite hostname="Daniels-MacBook-Pro.local" failures="0" tests="1" name="tests.ExpediaFlightSearchTests" time="34.036" errors="0" timestamp="2021-01-07T14:08:53 GMT" skipped="0">
  <testcase classname="tests.ExpediaFlightSearchTests" name="Verify_One_Way_Search" time="34.036"/>
  <system-out/>
</testsuite> <!-- tests.ExpediaFlightSearchTests -->
