<?xml version="1.0" encoding="UTF-8"?>
<!-- Generated by org.testng.reporters.JUnitReportReporter -->
<testsuite hostname="Daniels-MacBook-Pro.local" failures="0" tests="1" name="tests.LaunchW3Schools" time="3.256" errors="0" timestamp="2020-12-04T11:32:04 GMT" skipped="0">
  <testcase classname="tests.LaunchW3Schools" name="Launch_W3_Schools" time="3.256"/>
  <system-out/>
</testsuite> <!-- tests.LaunchW3Schools -->
