<?xml version="1.0" encoding="UTF-8"?>
<!-- Generated by org.testng.reporters.JUnitReportReporter -->
<testsuite hostname="Daniels-MacBook-Pro.local" failures="0" tests="1" name="zomatolibrary.TestGetLocations" time="2.568" errors="0" timestamp="2021-02-15T16:57:57 GMT" skipped="0">
  <testcase classname="zomatolibrary.TestGetLocations" name="TestGetLocations" time="2.568"/>
  <system-out/>
</testsuite> <!-- zomatolibrary.TestGetLocations -->
